<?xml version="1.0" encoding="UTF-8"?>
<coverage generated="1712063970746" clover="3.2.0">
  <project timestamp="1712063970746" name="All files">
    <metrics statements="144" coveredstatements="126" conditionals="52" coveredconditionals="31" methods="16" coveredmethods="14" elements="212" coveredelements="171" complexity="0" loc="144" ncloc="144" packages="1" files="3" classes="3"/>
    <file name="constants.ts" path="/home/runner/NavyBarrenOs/packages/utilities/duration/src/constants.ts">
      <metrics statements="6" coveredstatements="6" conditionals="0" coveredconditionals="0" methods="0" coveredmethods="0"/>
      <line num="1" count="1" type="stmt"/>
      <line num="3" count="1" type="stmt"/>
      <line num="5" count="1" type="stmt"/>
      <line num="24" count="1" type="stmt"/>
      <line num="43" count="1" type="stmt"/>
      <line num="141" count="1" type="stmt"/>
    </file>
    <file name="duration.ts" path="/home/runner/NavyBarrenOs/packages/utilities/duration/src/duration.ts">
      <metrics statements="136" coveredstatements="118" conditionals="52" coveredconditionals="31" methods="16" coveredmethods="14"/>
      <line num="1" count="1" type="stmt"/>
      <line num="2" count="1" type="stmt"/>
      <line num="9" count="1" type="stmt"/>
      <line num="151" count="1" type="stmt"/>
      <line num="170" count="1" type="stmt"/>
      <line num="189" count="1" type="stmt"/>
      <line num="192" count="26" type="stmt"/>
      <line num="193" count="26" type="stmt"/>
      <line num="194" count="26" type="stmt"/>
      <line num="195" count="26" type="stmt"/>
      <line num="196" count="26" type="stmt"/>
      <line num="197" count="26" type="stmt"/>
      <line num="198" count="26" type="stmt"/>
      <line num="199" count="26" type="stmt"/>
      <line num="200" count="26" type="stmt"/>
      <line num="201" count="26" type="stmt"/>
      <line num="202" count="26" type="stmt"/>
      <line num="203" count="26" type="stmt"/>
      <line num="204" count="26" type="stmt"/>
      <line num="205" count="26" type="stmt"/>
      <line num="206" count="26" type="stmt"/>
      <line num="207" count="26" type="stmt"/>
      <line num="209" count="1" type="stmt"/>
      <line num="210" count="1" type="stmt"/>
      <line num="211" count="1" type="stmt"/>
      <line num="214" count="26" type="stmt"/>
      <line num="215" count="26" type="cond" truecount="4" falsecount="0"/>
      <line num="221" count="1" type="stmt"/>
      <line num="225" count="0" type="stmt"/>
      <line num="229" count="0" type="stmt"/>
      <line num="233" count="9" type="stmt"/>
      <line num="235" count="9" type="cond" truecount="0" falsecount="1"/>
      <line num="236" count="0" type="stmt"/>
      <line num="239" count="9" type="stmt"/>
      <line num="240" count="9" type="stmt"/>
      <line num="242" count="9" type="cond" truecount="0" falsecount="1"/>
      <line num="243" count="0" type="stmt"/>
      <line num="246" count="9" type="stmt"/>
      <line num="247" count="144" type="stmt"/>
      <line num="249" count="144" type="cond" truecount="1" falsecount="0"/>
      <line num="250" count="125" type="stmt"/>
      <line num="253" count="19" type="stmt"/>
      <line num="254" count="19" type="stmt"/>
      <line num="255" count="19" type="stmt"/>
      <line num="257" count="19" type="cond" truecount="0" falsecount="1"/>
      <line num="258" count="0" type="stmt"/>
      <line num="262" count="9" type="cond" truecount="2" falsecount="2"/>
      <line num="266" count="3" type="stmt"/>
      <line num="268" count="3" type="cond" truecount="0" falsecount="1"/>
      <line num="269" count="0" type="stmt"/>
      <line num="272" count="3" type="stmt"/>
      <line num="273" count="3" type="stmt"/>
      <line num="275" count="3" type="cond" truecount="0" falsecount="1"/>
      <line num="276" count="0" type="stmt"/>
      <line num="279" count="3" type="stmt"/>
      <line num="280" count="48" type="stmt"/>
      <line num="282" count="48" type="cond" truecount="1" falsecount="0"/>
      <line num="283" count="38" type="stmt"/>
      <line num="286" count="10" type="stmt"/>
      <line num="287" count="10" type="stmt"/>
      <line num="288" count="10" type="stmt"/>
      <line num="290" count="10" type="cond" truecount="0" falsecount="1"/>
      <line num="291" count="0" type="stmt"/>
      <line num="295" count="3" type="cond" truecount="1" falsecount="1"/>
      <line num="299" count="3" type="stmt"/>
      <line num="301" count="3" type="cond" truecount="0" falsecount="1"/>
      <line num="302" count="0" type="stmt"/>
      <line num="305" count="3" type="stmt"/>
      <line num="307" count="3" type="stmt"/>
      <line num="311" count="3" type="stmt"/>
      <line num="313" count="3" type="cond" truecount="0" falsecount="1"/>
      <line num="314" count="0" type="stmt"/>
      <line num="317" count="3" type="stmt"/>
      <line num="318" count="3" type="stmt"/>
      <line num="320" count="3" type="stmt"/>
      <line num="321" count="3" type="stmt"/>
      <line num="323" count="3" type="stmt"/>
      <line num="325" count="3" type="stmt"/>
      <line num="329" count="3" type="stmt"/>
      <line num="331" count="3" type="cond" truecount="0" falsecount="1"/>
      <line num="332" count="0" type="stmt"/>
      <line num="335" count="3" type="stmt"/>
      <line num="339" count="3" type="stmt"/>
      <line num="341" count="3" type="cond" truecount="0" falsecount="1"/>
      <line num="342" count="0" type="stmt"/>
      <line num="345" count="3" type="stmt"/>
      <line num="346" count="3" type="stmt"/>
      <line num="348" count="3" type="cond" truecount="0" falsecount="1"/>
      <line num="349" count="0" type="stmt"/>
      <line num="352" count="3" type="stmt"/>
      <line num="353" count="48" type="stmt"/>
      <line num="355" count="48" type="cond" truecount="1" falsecount="0"/>
      <line num="356" count="38" type="stmt"/>
      <line num="359" count="10" type="stmt"/>
      <line num="360" count="10" type="stmt"/>
      <line num="362" count="10" type="stmt"/>
      <line num="365" count="3" type="cond" truecount="2" falsecount="2"/>
      <line num="369" count="1" type="stmt"/>
      <line num="371" count="1" type="cond" truecount="0" falsecount="1"/>
      <line num="372" count="0" type="stmt"/>
      <line num="375" count="1" type="stmt"/>
      <line num="377" count="1" type="stmt"/>
      <line num="378" count="16" type="stmt"/>
      <line num="379" count="16" type="stmt"/>
      <line num="380" count="16" type="stmt"/>
      <line num="383" count="1" type="stmt"/>
      <line num="387" count="23" type="stmt"/>
      <line num="388" count="23" type="stmt"/>
      <line num="390" count="23" type="cond" truecount="1" falsecount="1"/>
      <line num="391" count="23" type="stmt"/>
      <line num="395" count="54" type="stmt"/>
      <line num="396" count="54" type="cond" truecount="1" falsecount="0"/>
      <line num="397" count="54" type="stmt"/>
      <line num="398" count="54" type="stmt"/>
      <line num="401" count="54" type="stmt"/>
      <line num="403" count="54" type="stmt"/>
      <line num="406" count="54" type="stmt"/>
      <line num="409" count="0" type="stmt"/>
      <line num="412" count="23" type="cond" truecount="2" falsecount="0"/>
      <line num="416" count="39" type="stmt"/>
      <line num="418" count="39" type="cond" truecount="2" falsecount="0"/>
      <line num="419" count="10" type="cond" truecount="1" falsecount="1"/>
      <line num="420" count="10" type="stmt"/>
      <line num="422" count="0" type="stmt"/>
      <line num="425" count="29" type="cond" truecount="2" falsecount="0"/>
      <line num="426" count="15" type="stmt"/>
      <line num="428" count="14" type="stmt"/>
      <line num="434" count="9" type="stmt"/>
      <line num="447" count="3" type="cond" truecount="1" falsecount="1"/>
      <line num="448" count="0" type="stmt"/>
      <line num="449" count="3" type="cond" truecount="1" falsecount="1"/>
      <line num="450" count="0" type="stmt"/>
      <line num="451" count="3" type="cond" truecount="2" falsecount="0"/>
      <line num="452" count="1" type="stmt"/>
      <line num="454" count="2" type="stmt"/>
      <line num="455" count="2" type="stmt"/>
    </file>
    <file name="index.ts" path="/home/runner/NavyBarrenOs/packages/utilities/duration/src/index.ts">
      <metrics statements="2" coveredstatements="2" conditionals="0" coveredconditionals="0" methods="0" coveredmethods="0"/>
      <line num="1" count="1" type="stmt"/>
      <line num="2" count="1" type="stmt"/>
    </file>
  </project>
</coverage>
