<?xml version="1.0" encoding="UTF-8"?>
<coverage generated="1715953706929" clover="3.2.0">
  <project timestamp="1715953706929" name="All files">
    <metrics statements="44" coveredstatements="43" conditionals="22" coveredconditionals="18" methods="10" coveredmethods="10" elements="76" coveredelements="71" complexity="0" loc="44" ncloc="44" packages="1" files="1" classes="1"/>
    <file name="index.ts" path="/home/runner/Packages/packages/utilities/stores/src/index.ts">
      <metrics statements="44" coveredstatements="43" conditionals="22" coveredconditionals="18" methods="10" coveredmethods="10"/>
      <line num="3" count="1" type="stmt"/>
      <line num="4" count="17" type="stmt"/>
      <line num="5" count="17" type="stmt"/>
      <line num="8" count="14" type="cond" truecount="1" falsecount="0"/>
      <line num="10" count="12" type="stmt"/>
      <line num="11" count="12" type="stmt"/>
      <line num="13" count="12" type="cond" truecount="3" falsecount="0"/>
      <line num="14" count="12" type="stmt"/>
      <line num="16" count="12" type="cond" truecount="1" falsecount="0"/>
      <line num="17" count="6" type="stmt"/>
      <line num="20" count="12" type="stmt"/>
      <line num="25" count="10" type="cond" truecount="1" falsecount="0"/>
      <line num="27" count="8" type="stmt"/>
      <line num="31" count="4" type="cond" truecount="1" falsecount="0"/>
      <line num="33" count="2" type="cond" truecount="1" falsecount="0"/>
      <line num="34" count="2" type="stmt"/>
      <line num="35" count="2" type="stmt"/>
      <line num="36" count="2" type="stmt"/>
      <line num="41" count="4" type="cond" truecount="0" falsecount="1"/>
      <line num="43" count="4" type="cond" truecount="1" falsecount="0"/>
      <line num="44" count="4" type="stmt"/>
      <line num="47" count="4" type="stmt"/>
      <line num="51" count="2" type="cond" truecount="0" falsecount="1"/>
      <line num="53" count="2" type="stmt"/>
      <line num="57" count="14" type="stmt"/>
      <line num="59" count="14" type="cond" truecount="1" falsecount="0"/>
      <line num="60" count="14" type="cond" truecount="3" falsecount="1"/>
      <line num="65" count="1" type="stmt"/>
      <line num="66" count="12" type="stmt"/>
      <line num="69" count="12" type="cond" truecount="1" falsecount="0"/>
      <line num="71" count="11" type="cond" truecount="1" falsecount="0"/>
      <line num="72" count="1" type="stmt"/>
      <line num="75" count="10" type="stmt"/>
      <line num="76" count="10" type="stmt"/>
      <line num="78" count="10" type="stmt"/>
      <line num="82" count="4" type="cond" truecount="1" falsecount="0"/>
      <line num="84" count="3" type="stmt"/>
      <line num="86" count="3" type="cond" truecount="1" falsecount="0"/>
      <line num="87" count="2" type="stmt"/>
      <line num="90" count="1" type="stmt"/>
      <line num="94" count="2" type="cond" truecount="1" falsecount="0"/>
      <line num="96" count="1" type="cond" truecount="0" falsecount="1"/>
      <line num="97" count="0" type="stmt"/>
      <line num="100" count="1" type="stmt"/>
    </file>
  </project>
</coverage>
