{"/home/runner/NavyBarrenOs/packages/utilities/duration/src/constants.ts": {"path":"/home/runner/NavyBarrenOs/packages/utilities/duration/src/constants.ts","statementMap":{"0":{"start":{"line":1,"column":0},"end":{"line":1,"column":37}},"1":{"start":{"line":3,"column":13},"end":{"line":3,"column":89}},"2":{"start":{"line":5,"column":13},"end":{"line":22,"column":2}},"3":{"start":{"line":24,"column":13},"end":{"line":41,"column":2}},"4":{"start":{"line":43,"column":13},"end":{"line":139,"column":2}},"5":{"start":{"line":141,"column":13},"end":{"line":144,"column":2}}},"fnMap":{},"branchMap":{},"s":{"0":1,"1":1,"2":1,"3":1,"4":1,"5":1},"f":{},"b":{}}
,"/home/runner/NavyBarrenOs/packages/utilities/duration/src/duration.ts": {"path":"/home/runner/NavyBarrenOs/packages/utilities/duration/src/duration.ts","statementMap":{"0":{"start":{"line":1,"column":0},"end":{"line":1,"column":37}},"1":{"start":{"line":2,"column":0},"end":{"line":2,"column":61}},"2":{"start":{"line":9,"column":39},"end":{"line":149,"column":2}},"3":{"start":{"line":151,"column":45},"end":{"line":168,"column":2}},"4":{"start":{"line":170,"column":42},"end":{"line":187,"column":2}},"5":{"start":{"line":192,"column":16},"end":{"line":192,"column":17}},"6":{"start":{"line":193,"column":17},"end":{"line":193,"column":18}},"7":{"start":{"line":194,"column":17},"end":{"line":194,"column":18}},"8":{"start":{"line":195,"column":12},"end":{"line":195,"column":13}},"9":{"start":{"line":196,"column":12},"end":{"line":196,"column":13}},"10":{"start":{"line":197,"column":10},"end":{"line":197,"column":11}},"11":{"start":{"line":198,"column":9},"end":{"line":198,"column":10}},"12":{"start":{"line":199,"column":10},"end":{"line":199,"column":11}},"13":{"start":{"line":200,"column":11},"end":{"line":200,"column":12}},"14":{"start":{"line":201,"column":10},"end":{"line":201,"column":11}},"15":{"start":{"line":202,"column":12},"end":{"line":202,"column":13}},"16":{"start":{"line":203,"column":14},"end":{"line":203,"column":15}},"17":{"start":{"line":204,"column":14},"end":{"line":204,"column":15}},"18":{"start":{"line":205,"column":14},"end":{"line":205,"column":15}},"19":{"start":{"line":206,"column":14},"end":{"line":206,"column":15}},"20":{"start":{"line":207,"column":14},"end":{"line":207,"column":15}},"21":{"start":{"line":209,"column":41},"end":{"line":209,"column":84}},"22":{"start":{"line":210,"column":39},"end":{"line":210,"column":43}},"23":{"start":{"line":211,"column":40},"end":{"line":211,"column":51}},"24":{"start":{"line":214,"column":4},"end":{"line":214,"column":31}},"25":{"start":{"line":215,"column":4},"end":{"line":217,"column":31}},"26":{"start":{"line":221,"column":4},"end":{"line":221,"column":27}},"27":{"start":{"line":225,"column":4},"end":{"line":225,"column":37}},"28":{"start":{"line":229,"column":4},"end":{"line":229,"column":57}},"29":{"start":{"line":233,"column":19},"end":{"line":233,"column":26}},"30":{"start":{"line":235,"column":4},"end":{"line":237,"column":null}},"31":{"start":{"line":236,"column":6},"end":{"line":236,"column":null}},"32":{"start":{"line":239,"column":29},"end":{"line":239,"column":31}},"33":{"start":{"line":240,"column":30},"end":{"line":240,"column":51}},"34":{"start":{"line":242,"column":4},"end":{"line":244,"column":null}},"35":{"start":{"line":243,"column":6},"end":{"line":243,"column":32}},"36":{"start":{"line":246,"column":4},"end":{"line":260,"column":null}},"37":{"start":{"line":247,"column":34},"end":{"line":247,"column":59}},"38":{"start":{"line":249,"column":6},"end":{"line":251,"column":null}},"39":{"start":{"line":250,"column":8},"end":{"line":250,"column":17}},"40":{"start":{"line":253,"column":33},"end":{"line":253,"column":77}},"41":{"start":{"line":254,"column":6},"end":{"line":254,"column":54}},"42":{"start":{"line":255,"column":6},"end":{"line":255,"column":78}},"43":{"start":{"line":257,"column":6},"end":{"line":259,"column":null}},"44":{"start":{"line":258,"column":8},"end":{"line":258,"column":14}},"45":{"start":{"line":262,"column":4},"end":{"line":262,"column":138}},"46":{"start":{"line":266,"column":19},"end":{"line":266,"column":26}},"47":{"start":{"line":268,"column":4},"end":{"line":270,"column":null}},"48":{"start":{"line":269,"column":6},"end":{"line":269,"column":null}},"49":{"start":{"line":272,"column":29},"end":{"line":272,"column":31}},"50":{"start":{"line":273,"column":30},"end":{"line":273,"column":51}},"51":{"start":{"line":275,"column":4},"end":{"line":277,"column":null}},"52":{"start":{"line":276,"column":6},"end":{"line":276,"column":32}},"53":{"start":{"line":279,"column":4},"end":{"line":293,"column":null}},"54":{"start":{"line":280,"column":34},"end":{"line":280,"column":59}},"55":{"start":{"line":282,"column":6},"end":{"line":284,"column":null}},"56":{"start":{"line":283,"column":8},"end":{"line":283,"column":17}},"57":{"start":{"line":286,"column":33},"end":{"line":286,"column":77}},"58":{"start":{"line":287,"column":6},"end":{"line":287,"column":54}},"59":{"start":{"line":288,"column":6},"end":{"line":288,"column":76}},"60":{"start":{"line":290,"column":6},"end":{"line":292,"column":null}},"61":{"start":{"line":291,"column":8},"end":{"line":291,"column":14}},"62":{"start":{"line":295,"column":4},"end":{"line":295,"column":88}},"63":{"start":{"line":299,"column":21},"end":{"line":299,"column":28}},"64":{"start":{"line":301,"column":4},"end":{"line":303,"column":null}},"65":{"start":{"line":302,"column":6},"end":{"line":302,"column":null}},"66":{"start":{"line":305,"column":31},"end":{"line":305,"column":98}},"67":{"start":{"line":307,"column":4},"end":{"line":307,"column":31}},"68":{"start":{"line":311,"column":19},"end":{"line":311,"column":26}},"69":{"start":{"line":313,"column":4},"end":{"line":315,"column":null}},"70":{"start":{"line":314,"column":6},"end":{"line":314,"column":null}},"71":{"start":{"line":317,"column":29},"end":{"line":317,"column":94}},"72":{"start":{"line":318,"column":4},"end":{"line":318,"column":42}},"73":{"start":{"line":320,"column":31},"end":{"line":320,"column":98}},"74":{"start":{"line":321,"column":4},"end":{"line":321,"column":44}},"75":{"start":{"line":323,"column":31},"end":{"line":323,"column":98}},"76":{"start":{"line":325,"column":4},"end":{"line":325,"column":98}},"77":{"start":{"line":329,"column":21},"end":{"line":329,"column":28}},"78":{"start":{"line":331,"column":4},"end":{"line":333,"column":null}},"79":{"start":{"line":332,"column":6},"end":{"line":332,"column":null}},"80":{"start":{"line":335,"column":4},"end":{"line":335,"column":36}},"81":{"start":{"line":339,"column":19},"end":{"line":339,"column":26}},"82":{"start":{"line":341,"column":4},"end":{"line":343,"column":null}},"83":{"start":{"line":342,"column":6},"end":{"line":342,"column":null}},"84":{"start":{"line":345,"column":29},"end":{"line":345,"column":31}},"85":{"start":{"line":346,"column":30},"end":{"line":346,"column":51}},"86":{"start":{"line":348,"column":4},"end":{"line":350,"column":null}},"87":{"start":{"line":349,"column":6},"end":{"line":349,"column":32}},"88":{"start":{"line":352,"column":4},"end":{"line":363,"column":null}},"89":{"start":{"line":353,"column":34},"end":{"line":353,"column":59}},"90":{"start":{"line":355,"column":6},"end":{"line":357,"column":null}},"91":{"start":{"line":356,"column":8},"end":{"line":356,"column":17}},"92":{"start":{"line":359,"column":33},"end":{"line":359,"column":77}},"93":{"start":{"line":360,"column":6},"end":{"line":360,"column":54}},"94":{"start":{"line":362,"column":6},"end":{"line":362,"column":82}},"95":{"start":{"line":365,"column":4},"end":{"line":365,"column":87}},"96":{"start":{"line":369,"column":19},"end":{"line":369,"column":26}},"97":{"start":{"line":371,"column":4},"end":{"line":373,"column":null}},"98":{"start":{"line":372,"column":6},"end":{"line":372,"column":null}},"99":{"start":{"line":375,"column":49},"end":{"line":375,"column":51}},"100":{"start":{"line":377,"column":4},"end":{"line":381,"column":null}},"101":{"start":{"line":378,"column":31},"end":{"line":378,"column":92}},"102":{"start":{"line":379,"column":6},"end":{"line":379,"column":40}},"103":{"start":{"line":380,"column":6},"end":{"line":380,"column":27}},"104":{"start":{"line":383,"column":4},"end":{"line":383,"column":34}},"105":{"start":{"line":387,"column":28},"end":{"line":387,"column":44}},"106":{"start":{"line":388,"column":25},"end":{"line":388,"column":30}},"107":{"start":{"line":390,"column":4},"end":{"line":410,"column":null}},"108":{"start":{"line":391,"column":6},"end":{"line":407,"column":9}},"109":{"start":{"line":395,"column":22},"end":{"line":395,"column":39}},"110":{"start":{"line":396,"column":8},"end":{"line":404,"column":null}},"111":{"start":{"line":397,"column":22},"end":{"line":397,"column":38}},"112":{"start":{"line":398,"column":10},"end":{"line":398,"column":49}},"113":{"start":{"line":401,"column":10},"end":{"line":401,"column":59}},"114":{"start":{"line":403,"column":10},"end":{"line":403,"column":23}},"115":{"start":{"line":406,"column":8},"end":{"line":406,"column":18}},"116":{"start":{"line":409,"column":6},"end":{"line":409,"column":41}},"117":{"start":{"line":412,"column":4},"end":{"line":412,"column":47}},"118":{"start":{"line":416,"column":34},"end":{"line":416,"column":87}},"119":{"start":{"line":418,"column":4},"end":{"line":430,"column":null}},"120":{"start":{"line":419,"column":6},"end":{"line":423,"column":null}},"121":{"start":{"line":420,"column":8},"end":{"line":420,"column":61}},"122":{"start":{"line":422,"column":8},"end":{"line":422,"column":18}},"123":{"start":{"line":425,"column":6},"end":{"line":429,"column":null}},"124":{"start":{"line":426,"column":8},"end":{"line":426,"column":74}},"125":{"start":{"line":428,"column":8},"end":{"line":428,"column":52}},"126":{"start":{"line":434,"column":4},"end":{"line":434,"column":44}},"127":{"start":{"line":447,"column":4},"end":{"line":456,"column":null}},"128":{"start":{"line":448,"column":6},"end":{"line":448,"column":16}},"129":{"start":{"line":449,"column":11},"end":{"line":456,"column":null}},"130":{"start":{"line":450,"column":6},"end":{"line":450,"column":20}},"131":{"start":{"line":451,"column":11},"end":{"line":456,"column":null}},"132":{"start":{"line":452,"column":6},"end":{"line":452,"column":39}},"133":{"start":{"line":454,"column":23},"end":{"line":454,"column":32}},"134":{"start":{"line":455,"column":6},"end":{"line":455,"column":49}},"135":{"start":{"line":189,"column":0},"end":{"line":189,"column":13}}},"fnMap":{"0":{"name":"(anonymous_1)","decl":{"start":{"line":213,"column":2},"end":{"line":213,"column":14}},"loc":{"start":{"line":213,"column":38},"end":{"line":218,"column":3}}},"1":{"name":"(anonymous_2)","decl":{"start":{"line":220,"column":9},"end":{"line":220,"column":14}},"loc":{"start":{"line":220,"column":14},"end":{"line":222,"column":3}}},"2":{"name":"(anonymous_3)","decl":{"start":{"line":224,"column":9},"end":{"line":224,"column":16}},"loc":{"start":{"line":224,"column":16},"end":{"line":226,"column":3}}},"3":{"name":"(anonymous_4)","decl":{"start":{"line":228,"column":9},"end":{"line":228,"column":17}},"loc":{"start":{"line":228,"column":28},"end":{"line":230,"column":3}}},"4":{"name":"(anonymous_5)","decl":{"start":{"line":232,"column":9},"end":{"line":232,"column":16}},"loc":{"start":{"line":232,"column":96},"end":{"line":263,"column":3}}},"5":{"name":"(anonymous_6)","decl":{"start":{"line":265,"column":9},"end":{"line":265,"column":16}},"loc":{"start":{"line":265,"column":95},"end":{"line":296,"column":3}}},"6":{"name":"(anonymous_7)","decl":{"start":{"line":298,"column":9},"end":{"line":298,"column":15}},"loc":{"start":{"line":298,"column":15},"end":{"line":308,"column":3}}},"7":{"name":"(anonymous_8)","decl":{"start":{"line":310,"column":9},"end":{"line":310,"column":14}},"loc":{"start":{"line":310,"column":14},"end":{"line":326,"column":3}}},"8":{"name":"(anonymous_9)","decl":{"start":{"line":328,"column":9},"end":{"line":328,"column":19}},"loc":{"start":{"line":328,"column":19},"end":{"line":336,"column":3}}},"9":{"name":"(anonymous_10)","decl":{"start":{"line":338,"column":9},"end":{"line":338,"column":16}},"loc":{"start":{"line":338,"column":40},"end":{"line":366,"column":3}}},"10":{"name":"(anonymous_11)","decl":{"start":{"line":368,"column":9},"end":{"line":368,"column":13}},"loc":{"start":{"line":368,"column":13},"end":{"line":384,"column":3}}},"11":{"name":"(anonymous_12)","decl":{"start":{"line":386,"column":10},"end":{"line":386,"column":25}},"loc":{"start":{"line":386,"column":41},"end":{"line":413,"column":3}}},"12":{"name":"(anonymous_13)","decl":{"start":{"line":394,"column":38},"end":{"line":394,"column":39}},"loc":{"start":{"line":394,"column":54},"end":{"line":407,"column":7}}},"13":{"name":"(anonymous_14)","decl":{"start":{"line":415,"column":10},"end":{"line":415,"column":17}},"loc":{"start":{"line":415,"column":122},"end":{"line":431,"column":3}}},"14":{"name":"(anonymous_15)","decl":{"start":{"line":433,"column":10},"end":{"line":433,"column":21}},"loc":{"start":{"line":433,"column":37},"end":{"line":435,"column":3}}},"15":{"name":"(anonymous_16)","decl":{"start":{"line":445,"column":10},"end":{"line":445,"column":29}},"loc":{"start":{"line":445,"column":62},"end":{"line":457,"column":3}}}},"branchMap":{"0":{"loc":{"start":{"line":215,"column":14},"end":{"line":217,"column":30}},"type":"cond-expr","locations":[{"start":{"line":216,"column":8},"end":{"line":216,"column":51}},{"start":{"line":217,"column":8},"end":{"line":217,"column":30}}]},"1":{"loc":{"start":{"line":215,"column":14},"end":{"line":215,"column":67}},"type":"binary-expr","locations":[{"start":{"line":215,"column":14},"end":{"line":215,"column":41}},{"start":{"line":215,"column":45},"end":{"line":215,"column":67}}]},"2":{"loc":{"start":{"line":232,"column":17},"end":{"line":232,"column":38}},"type":"default-arg","locations":[{"start":{"line":232,"column":37},"end":{"line":232,"column":38}}]},"3":{"loc":{"start":{"line":232,"column":40},"end":{"line":232,"column":96}},"type":"default-arg","locations":[{"start":{"line":232,"column":71},"end":{"line":232,"column":96}}]},"4":{"loc":{"start":{"line":235,"column":4},"end":{"line":237,"column":null}},"type":"if","locations":[{"start":{"line":235,"column":4},"end":{"line":237,"column":null}}]},"5":{"loc":{"start":{"line":242,"column":4},"end":{"line":244,"column":null}},"type":"if","locations":[{"start":{"line":242,"column":4},"end":{"line":244,"column":null}}]},"6":{"loc":{"start":{"line":249,"column":6},"end":{"line":251,"column":null}},"type":"if","locations":[{"start":{"line":249,"column":6},"end":{"line":251,"column":null}}]},"7":{"loc":{"start":{"line":257,"column":6},"end":{"line":259,"column":null}},"type":"if","locations":[{"start":{"line":257,"column":6},"end":{"line":259,"column":null}}]},"8":{"loc":{"start":{"line":262,"column":14},"end":{"line":262,"column":33}},"type":"cond-expr","locations":[{"start":{"line":262,"column":25},"end":{"line":262,"column":28}},{"start":{"line":262,"column":31},"end":{"line":262,"column":33}}]},"9":{"loc":{"start":{"line":262,"column":36},"end":{"line":262,"column":135}},"type":"binary-expr","locations":[{"start":{"line":262,"column":36},"end":{"line":262,"column":65}},{"start":{"line":262,"column":69},"end":{"line":262,"column":135}}]},"10":{"loc":{"start":{"line":265,"column":17},"end":{"line":265,"column":38}},"type":"default-arg","locations":[{"start":{"line":265,"column":37},"end":{"line":265,"column":38}}]},"11":{"loc":{"start":{"line":265,"column":40},"end":{"line":265,"column":95}},"type":"default-arg","locations":[{"start":{"line":265,"column":70},"end":{"line":265,"column":95}}]},"12":{"loc":{"start":{"line":268,"column":4},"end":{"line":270,"column":null}},"type":"if","locations":[{"start":{"line":268,"column":4},"end":{"line":270,"column":null}}]},"13":{"loc":{"start":{"line":275,"column":4},"end":{"line":277,"column":null}},"type":"if","locations":[{"start":{"line":275,"column":4},"end":{"line":277,"column":null}}]},"14":{"loc":{"start":{"line":282,"column":6},"end":{"line":284,"column":null}},"type":"if","locations":[{"start":{"line":282,"column":6},"end":{"line":284,"column":null}}]},"15":{"loc":{"start":{"line":290,"column":6},"end":{"line":292,"column":null}},"type":"if","locations":[{"start":{"line":290,"column":6},"end":{"line":292,"column":null}}]},"16":{"loc":{"start":{"line":295,"column":14},"end":{"line":295,"column":33}},"type":"cond-expr","locations":[{"start":{"line":295,"column":25},"end":{"line":295,"column":28}},{"start":{"line":295,"column":31},"end":{"line":295,"column":33}}]},"17":{"loc":{"start":{"line":301,"column":4},"end":{"line":303,"column":null}},"type":"if","locations":[{"start":{"line":301,"column":4},"end":{"line":303,"column":null}}]},"18":{"loc":{"start":{"line":313,"column":4},"end":{"line":315,"column":null}},"type":"if","locations":[{"start":{"line":313,"column":4},"end":{"line":315,"column":null}}]},"19":{"loc":{"start":{"line":331,"column":4},"end":{"line":333,"column":null}},"type":"if","locations":[{"start":{"line":331,"column":4},"end":{"line":333,"column":null}}]},"20":{"loc":{"start":{"line":338,"column":17},"end":{"line":338,"column":40}},"type":"default-arg","locations":[{"start":{"line":338,"column":37},"end":{"line":338,"column":40}}]},"21":{"loc":{"start":{"line":341,"column":4},"end":{"line":343,"column":null}},"type":"if","locations":[{"start":{"line":341,"column":4},"end":{"line":343,"column":null}}]},"22":{"loc":{"start":{"line":348,"column":4},"end":{"line":350,"column":null}},"type":"if","locations":[{"start":{"line":348,"column":4},"end":{"line":350,"column":null}}]},"23":{"loc":{"start":{"line":355,"column":6},"end":{"line":357,"column":null}},"type":"if","locations":[{"start":{"line":355,"column":6},"end":{"line":357,"column":null}}]},"24":{"loc":{"start":{"line":365,"column":11},"end":{"line":365,"column":86}},"type":"cond-expr","locations":[{"start":{"line":365,"column":31},"end":{"line":365,"column":80}},{"start":{"line":365,"column":83},"end":{"line":365,"column":86}}]},"25":{"loc":{"start":{"line":365,"column":34},"end":{"line":365,"column":53}},"type":"cond-expr","locations":[{"start":{"line":365,"column":45},"end":{"line":365,"column":48}},{"start":{"line":365,"column":51},"end":{"line":365,"column":53}}]},"26":{"loc":{"start":{"line":371,"column":4},"end":{"line":373,"column":null}},"type":"if","locations":[{"start":{"line":371,"column":4},"end":{"line":373,"column":null}}]},"27":{"loc":{"start":{"line":390,"column":4},"end":{"line":410,"column":null}},"type":"if","locations":[{"start":{"line":390,"column":4},"end":{"line":410,"column":null}},{"start":{"line":408,"column":11},"end":{"line":410,"column":null}}]},"28":{"loc":{"start":{"line":396,"column":8},"end":{"line":404,"column":null}},"type":"if","locations":[{"start":{"line":396,"column":8},"end":{"line":404,"column":null}}]},"29":{"loc":{"start":{"line":412,"column":11},"end":{"line":412,"column":46}},"type":"cond-expr","locations":[{"start":{"line":412,"column":19},"end":{"line":412,"column":25}},{"start":{"line":412,"column":28},"end":{"line":412,"column":46}}]},"30":{"loc":{"start":{"line":415,"column":87},"end":{"line":415,"column":122}},"type":"default-arg","locations":[{"start":{"line":415,"column":120},"end":{"line":415,"column":122}}]},"31":{"loc":{"start":{"line":418,"column":4},"end":{"line":430,"column":null}},"type":"if","locations":[{"start":{"line":418,"column":4},"end":{"line":430,"column":null}},{"start":{"line":424,"column":11},"end":{"line":430,"column":null}}]},"32":{"loc":{"start":{"line":419,"column":6},"end":{"line":423,"column":null}},"type":"if","locations":[{"start":{"line":419,"column":6},"end":{"line":423,"column":null}},{"start":{"line":421,"column":13},"end":{"line":423,"column":null}}]},"33":{"loc":{"start":{"line":425,"column":6},"end":{"line":429,"column":null}},"type":"if","locations":[{"start":{"line":425,"column":6},"end":{"line":429,"column":null}},{"start":{"line":427,"column":13},"end":{"line":429,"column":null}}]},"34":{"loc":{"start":{"line":447,"column":4},"end":{"line":456,"column":null}},"type":"if","locations":[{"start":{"line":447,"column":4},"end":{"line":456,"column":null}},{"start":{"line":449,"column":11},"end":{"line":456,"column":null}}]},"35":{"loc":{"start":{"line":449,"column":11},"end":{"line":456,"column":null}},"type":"if","locations":[{"start":{"line":449,"column":11},"end":{"line":456,"column":null}},{"start":{"line":451,"column":11},"end":{"line":456,"column":null}}]},"36":{"loc":{"start":{"line":451,"column":11},"end":{"line":456,"column":null}},"type":"if","locations":[{"start":{"line":451,"column":11},"end":{"line":456,"column":null}},{"start":{"line":453,"column":11},"end":{"line":456,"column":null}}]}},"s":{"0":1,"1":1,"2":1,"3":1,"4":1,"5":26,"6":26,"7":26,"8":26,"9":26,"10":26,"11":26,"12":26,"13":26,"14":26,"15":26,"16":26,"17":26,"18":26,"19":26,"20":26,"21":1,"22":1,"23":1,"24":26,"25":26,"26":1,"27":0,"28":0,"29":9,"30":9,"31":0,"32":9,"33":9,"34":9,"35":0,"36":9,"37":144,"38":144,"39":125,"40":19,"41":19,"42":19,"43":19,"44":0,"45":9,"46":3,"47":3,"48":0,"49":3,"50":3,"51":3,"52":0,"53":3,"54":48,"55":48,"56":38,"57":10,"58":10,"59":10,"60":10,"61":0,"62":3,"63":3,"64":3,"65":0,"66":3,"67":3,"68":3,"69":3,"70":0,"71":3,"72":3,"73":3,"74":3,"75":3,"76":3,"77":3,"78":3,"79":0,"80":3,"81":3,"82":3,"83":0,"84":3,"85":3,"86":3,"87":0,"88":3,"89":48,"90":48,"91":38,"92":10,"93":10,"94":10,"95":3,"96":1,"97":1,"98":0,"99":1,"100":1,"101":16,"102":16,"103":16,"104":1,"105":23,"106":23,"107":23,"108":23,"109":54,"110":54,"111":54,"112":54,"113":54,"114":54,"115":54,"116":0,"117":23,"118":39,"119":39,"120":10,"121":10,"122":0,"123":29,"124":15,"125":14,"126":9,"127":3,"128":0,"129":3,"130":0,"131":3,"132":1,"133":2,"134":2,"135":1},"f":{"0":26,"1":1,"2":0,"3":0,"4":9,"5":3,"6":3,"7":3,"8":3,"9":3,"10":1,"11":23,"12":54,"13":39,"14":9,"15":3},"b":{"0":[23,3],"1":[26,25],"2":[9],"3":[9],"4":[0],"5":[0],"6":[125],"7":[0],"8":[0,9],"9":[9,0],"10":[3],"11":[3],"12":[0],"13":[0],"14":[38],"15":[0],"16":[0,3],"17":[0],"18":[0],"19":[0],"20":[3],"21":[0],"22":[0],"23":[38],"24":[3,0],"25":[0,3],"26":[0],"27":[23,0],"28":[54],"29":[22,1],"30":[29],"31":[10,29],"32":[10,0],"33":[15,14],"34":[0,3],"35":[0,3],"36":[1,2]}}
,"/home/runner/NavyBarrenOs/packages/utilities/duration/src/index.ts": {"path":"/home/runner/NavyBarrenOs/packages/utilities/duration/src/index.ts","statementMap":{"0":{"start":{"line":1,"column":0},"end":{"line":1,"column":27}},"1":{"start":{"line":2,"column":0},"end":{"line":2,"column":28}}},"fnMap":{},"branchMap":{},"s":{"0":1,"1":1},"f":{},"b":{}}
}
