{"/home/runner/Packages/packages/utilities/stores/src/index.ts": {"path":"/home/runner/Packages/packages/utilities/stores/src/index.ts","statementMap":{"0":{"start":{"line":4,"column":33},"end":{"line":4,"column":42}},"1":{"start":{"line":5,"column":53},"end":{"line":5,"column":62}},"2":{"start":{"line":8,"column":4},"end":{"line":8,"column":55}},"3":{"start":{"line":8,"column":14},"end":{"line":8,"column":55}},"4":{"start":{"line":10,"column":21},"end":{"line":10,"column":39}},"5":{"start":{"line":11,"column":19},"end":{"line":11,"column":37}},"6":{"start":{"line":13,"column":4},"end":{"line":21,"column":5}},"7":{"start":{"line":14,"column":6},"end":{"line":14,"column":32}},"8":{"start":{"line":16,"column":6},"end":{"line":18,"column":7}},"9":{"start":{"line":17,"column":8},"end":{"line":17,"column":43}},"10":{"start":{"line":20,"column":6},"end":{"line":20,"column":49}},"11":{"start":{"line":25,"column":4},"end":{"line":25,"column":55}},"12":{"start":{"line":25,"column":14},"end":{"line":25,"column":55}},"13":{"start":{"line":27,"column":4},"end":{"line":27,"column":30}},"14":{"start":{"line":31,"column":4},"end":{"line":31,"column":55}},"15":{"start":{"line":31,"column":14},"end":{"line":31,"column":55}},"16":{"start":{"line":33,"column":4},"end":{"line":37,"column":5}},"17":{"start":{"line":34,"column":23},"end":{"line":34,"column":41}},"18":{"start":{"line":35,"column":6},"end":{"line":35,"column":28}},"19":{"start":{"line":36,"column":6},"end":{"line":36,"column":60}},"20":{"start":{"line":41,"column":4},"end":{"line":41,"column":55}},"21":{"start":{"line":41,"column":14},"end":{"line":41,"column":55}},"22":{"start":{"line":43,"column":4},"end":{"line":45,"column":5}},"23":{"start":{"line":44,"column":6},"end":{"line":44,"column":41}},"24":{"start":{"line":47,"column":4},"end":{"line":47,"column":43}},"25":{"start":{"line":51,"column":4},"end":{"line":51,"column":55}},"26":{"start":{"line":51,"column":14},"end":{"line":51,"column":55}},"27":{"start":{"line":53,"column":4},"end":{"line":53,"column":46}},"28":{"start":{"line":57,"column":22},"end":{"line":57,"column":45}},"29":{"start":{"line":59,"column":4},"end":{"line":61,"column":5}},"30":{"start":{"line":60,"column":6},"end":{"line":60,"column":130}},"31":{"start":{"line":60,"column":38},"end":{"line":60,"column":128}},"32":{"start":{"line":3,"column":0},"end":{"line":3,"column":13}},"33":{"start":{"line":66,"column":50},"end":{"line":66,"column":59}},"34":{"start":{"line":69,"column":4},"end":{"line":69,"column":57}},"35":{"start":{"line":69,"column":15},"end":{"line":69,"column":57}},"36":{"start":{"line":71,"column":4},"end":{"line":73,"column":5}},"37":{"start":{"line":72,"column":6},"end":{"line":72,"column":66}},"38":{"start":{"line":75,"column":18},"end":{"line":75,"column":38}},"39":{"start":{"line":76,"column":4},"end":{"line":76,"column":33}},"40":{"start":{"line":78,"column":4},"end":{"line":78,"column":17}},"41":{"start":{"line":82,"column":4},"end":{"line":82,"column":57}},"42":{"start":{"line":82,"column":15},"end":{"line":82,"column":57}},"43":{"start":{"line":84,"column":18},"end":{"line":84,"column":39}},"44":{"start":{"line":86,"column":4},"end":{"line":88,"column":5}},"45":{"start":{"line":87,"column":6},"end":{"line":87,"column":66}},"46":{"start":{"line":90,"column":4},"end":{"line":90,"column":35}},"47":{"start":{"line":94,"column":4},"end":{"line":94,"column":57}},"48":{"start":{"line":94,"column":15},"end":{"line":94,"column":57}},"49":{"start":{"line":96,"column":4},"end":{"line":98,"column":5}},"50":{"start":{"line":97,"column":6},"end":{"line":97,"column":66}},"51":{"start":{"line":100,"column":4},"end":{"line":100,"column":29}},"52":{"start":{"line":65,"column":0},"end":{"line":65,"column":13}}},"fnMap":{"0":{"name":"(anonymous_0)","decl":{"start":{"line":7,"column":9},"end":{"line":7,"column":12}},"loc":{"start":{"line":7,"column":34},"end":{"line":22,"column":3}}},"1":{"name":"(anonymous_1)","decl":{"start":{"line":24,"column":9},"end":{"line":24,"column":12}},"loc":{"start":{"line":24,"column":24},"end":{"line":28,"column":3}}},"2":{"name":"(anonymous_2)","decl":{"start":{"line":30,"column":9},"end":{"line":30,"column":15}},"loc":{"start":{"line":30,"column":27},"end":{"line":38,"column":3}}},"3":{"name":"(anonymous_3)","decl":{"start":{"line":40,"column":9},"end":{"line":40,"column":20}},"loc":{"start":{"line":40,"column":55},"end":{"line":48,"column":3}}},"4":{"name":"(anonymous_4)","decl":{"start":{"line":50,"column":9},"end":{"line":50,"column":23}},"loc":{"start":{"line":50,"column":58},"end":{"line":54,"column":3}}},"5":{"name":"(anonymous_5)","decl":{"start":{"line":56,"column":10},"end":{"line":56,"column":25}},"loc":{"start":{"line":56,"column":87},"end":{"line":62,"column":3}}},"6":{"name":"(anonymous_6)","decl":{"start":{"line":60,"column":24},"end":{"line":60,"column":25}},"loc":{"start":{"line":60,"column":38},"end":{"line":60,"column":128}}},"7":{"name":"(anonymous_7)","decl":{"start":{"line":68,"column":9},"end":{"line":68,"column":20}},"loc":{"start":{"line":68,"column":36},"end":{"line":79,"column":3}}},"8":{"name":"(anonymous_8)","decl":{"start":{"line":81,"column":9},"end":{"line":81,"column":17}},"loc":{"start":{"line":81,"column":33},"end":{"line":91,"column":3}}},"9":{"name":"(anonymous_9)","decl":{"start":{"line":93,"column":9},"end":{"line":93,"column":20}},"loc":{"start":{"line":93,"column":33},"end":{"line":101,"column":3}}}},"branchMap":{"0":{"loc":{"start":{"line":8,"column":4},"end":{"line":8,"column":55}},"type":"if","locations":[{"start":{"line":8,"column":4},"end":{"line":8,"column":55}}]},"1":{"loc":{"start":{"line":13,"column":4},"end":{"line":21,"column":5}},"type":"if","locations":[{"start":{"line":13,"column":4},"end":{"line":21,"column":5}}]},"2":{"loc":{"start":{"line":13,"column":8},"end":{"line":13,"column":37}},"type":"binary-expr","locations":[{"start":{"line":13,"column":8},"end":{"line":13,"column":15}},{"start":{"line":13,"column":19},"end":{"line":13,"column":37}}]},"3":{"loc":{"start":{"line":16,"column":6},"end":{"line":18,"column":7}},"type":"if","locations":[{"start":{"line":16,"column":6},"end":{"line":18,"column":7}}]},"4":{"loc":{"start":{"line":25,"column":4},"end":{"line":25,"column":55}},"type":"if","locations":[{"start":{"line":25,"column":4},"end":{"line":25,"column":55}}]},"5":{"loc":{"start":{"line":31,"column":4},"end":{"line":31,"column":55}},"type":"if","locations":[{"start":{"line":31,"column":4},"end":{"line":31,"column":55}}]},"6":{"loc":{"start":{"line":33,"column":4},"end":{"line":37,"column":5}},"type":"if","locations":[{"start":{"line":33,"column":4},"end":{"line":37,"column":5}}]},"7":{"loc":{"start":{"line":41,"column":4},"end":{"line":41,"column":55}},"type":"if","locations":[{"start":{"line":41,"column":4},"end":{"line":41,"column":55}}]},"8":{"loc":{"start":{"line":43,"column":4},"end":{"line":45,"column":5}},"type":"if","locations":[{"start":{"line":43,"column":4},"end":{"line":45,"column":5}}]},"9":{"loc":{"start":{"line":51,"column":4},"end":{"line":51,"column":55}},"type":"if","locations":[{"start":{"line":51,"column":4},"end":{"line":51,"column":55}}]},"10":{"loc":{"start":{"line":59,"column":4},"end":{"line":61,"column":5}},"type":"if","locations":[{"start":{"line":59,"column":4},"end":{"line":61,"column":5}}]},"11":{"loc":{"start":{"line":60,"column":47},"end":{"line":60,"column":86}},"type":"binary-expr","locations":[{"start":{"line":60,"column":47},"end":{"line":60,"column":55}},{"start":{"line":60,"column":60},"end":{"line":60,"column":86}}]},"12":{"loc":{"start":{"line":60,"column":88},"end":{"line":60,"column":127}},"type":"binary-expr","locations":[{"start":{"line":60,"column":88},"end":{"line":60,"column":96}},{"start":{"line":60,"column":101},"end":{"line":60,"column":127}}]},"13":{"loc":{"start":{"line":69,"column":4},"end":{"line":69,"column":57}},"type":"if","locations":[{"start":{"line":69,"column":4},"end":{"line":69,"column":57}}]},"14":{"loc":{"start":{"line":71,"column":4},"end":{"line":73,"column":5}},"type":"if","locations":[{"start":{"line":71,"column":4},"end":{"line":73,"column":5}}]},"15":{"loc":{"start":{"line":82,"column":4},"end":{"line":82,"column":57}},"type":"if","locations":[{"start":{"line":82,"column":4},"end":{"line":82,"column":57}}]},"16":{"loc":{"start":{"line":86,"column":4},"end":{"line":88,"column":5}},"type":"if","locations":[{"start":{"line":86,"column":4},"end":{"line":88,"column":5}}]},"17":{"loc":{"start":{"line":94,"column":4},"end":{"line":94,"column":57}},"type":"if","locations":[{"start":{"line":94,"column":4},"end":{"line":94,"column":57}}]},"18":{"loc":{"start":{"line":96,"column":4},"end":{"line":98,"column":5}},"type":"if","locations":[{"start":{"line":96,"column":4},"end":{"line":98,"column":5}}]}},"s":{"0":17,"1":17,"2":14,"3":2,"4":12,"5":12,"6":12,"7":12,"8":12,"9":6,"10":12,"11":10,"12":2,"13":8,"14":4,"15":2,"16":2,"17":2,"18":2,"19":2,"20":4,"21":0,"22":4,"23":4,"24":4,"25":2,"26":0,"27":2,"28":14,"29":14,"30":14,"31":2,"32":1,"33":12,"34":12,"35":1,"36":11,"37":1,"38":10,"39":10,"40":10,"41":4,"42":1,"43":3,"44":3,"45":2,"46":1,"47":2,"48":1,"49":1,"50":0,"51":1,"52":1},"f":{"0":14,"1":10,"2":4,"3":4,"4":2,"5":14,"6":2,"7":12,"8":4,"9":2},"b":{"0":[2],"1":[12],"2":[12,2],"3":[6],"4":[2],"5":[2],"6":[2],"7":[0],"8":[4],"9":[0],"10":[14],"11":[2,0],"12":[2,2],"13":[1],"14":[1],"15":[1],"16":[2],"17":[1],"18":[0]}}
}
