TN:
SF:packages/utilities/stores/src/index.ts
FN:7,(anonymous_0)
FN:24,(anonymous_1)
FN:30,(anonymous_2)
FN:40,(anonymous_3)
FN:50,(anonymous_4)
FN:56,(anonymous_5)
FN:60,(anonymous_6)
FN:68,(anonymous_7)
FN:81,(anonymous_8)
FN:93,(anonymous_9)
FNF:10
FNH:10
FNDA:14,(anonymous_0)
FNDA:10,(anonymous_1)
FNDA:4,(anonymous_2)
FNDA:4,(anonymous_3)
FNDA:2,(anonymous_4)
FNDA:14,(anonymous_5)
FNDA:2,(anonymous_6)
FNDA:12,(anonymous_7)
FNDA:4,(anonymous_8)
FNDA:2,(anonymous_9)
DA:3,1
DA:4,17
DA:5,17
DA:8,14
DA:10,12
DA:11,12
DA:13,12
DA:14,12
DA:16,12
DA:17,6
DA:20,12
DA:25,10
DA:27,8
DA:31,4
DA:33,2
DA:34,2
DA:35,2
DA:36,2
DA:41,4
DA:43,4
DA:44,4
DA:47,4
DA:51,2
DA:53,2
DA:57,14
DA:59,14
DA:60,14
DA:65,1
DA:66,12
DA:69,12
DA:71,11
DA:72,1
DA:75,10
DA:76,10
DA:78,10
DA:82,4
DA:84,3
DA:86,3
DA:87,2
DA:90,1
DA:94,2
DA:96,1
DA:97,0
DA:100,1
LF:44
LH:43
BRDA:8,0,0,2
BRDA:13,1,0,12
BRDA:13,2,0,12
BRDA:13,2,1,2
BRDA:16,3,0,6
BRDA:25,4,0,2
BRDA:31,5,0,2
BRDA:33,6,0,2
BRDA:41,7,0,0
BRDA:43,8,0,4
BRDA:51,9,0,0
BRDA:59,10,0,14
BRDA:60,11,0,2
BRDA:60,11,1,0
BRDA:60,12,0,2
BRDA:60,12,1,2
BRDA:69,13,0,1
BRDA:71,14,0,1
BRDA:82,15,0,1
BRDA:86,16,0,2
BRDA:94,17,0,1
BRDA:96,18,0,0
BRF:22
BRH:18
end_of_record
