TN:
SF:packages/utilities/duration/src/constants.ts
FNF:0
FNH:0
DA:1,1
DA:3,1
DA:5,1
DA:24,1
DA:43,1
DA:141,1
LF:6
LH:6
BRF:0
BRH:0
end_of_record
TN:
SF:packages/utilities/duration/src/duration.ts
FN:213,(anonymous_1)
FN:220,(anonymous_2)
FN:224,(anonymous_3)
FN:228,(anonymous_4)
FN:232,(anonymous_5)
FN:265,(anonymous_6)
FN:298,(anonymous_7)
FN:310,(anonymous_8)
FN:328,(anonymous_9)
FN:338,(anonymous_10)
FN:368,(anonymous_11)
FN:386,(anonymous_12)
FN:394,(anonymous_13)
FN:415,(anonymous_14)
FN:433,(anonymous_15)
FN:445,(anonymous_16)
FNF:16
FNH:14
FNDA:26,(anonymous_1)
FNDA:1,(anonymous_2)
FNDA:0,(anonymous_3)
FNDA:0,(anonymous_4)
FNDA:9,(anonymous_5)
FNDA:3,(anonymous_6)
FNDA:3,(anonymous_7)
FNDA:3,(anonymous_8)
FNDA:3,(anonymous_9)
FNDA:3,(anonymous_10)
FNDA:1,(anonymous_11)
FNDA:23,(anonymous_12)
FNDA:54,(anonymous_13)
FNDA:39,(anonymous_14)
FNDA:9,(anonymous_15)
FNDA:3,(anonymous_16)
DA:1,1
DA:2,1
DA:9,1
DA:151,1
DA:170,1
DA:189,1
DA:192,26
DA:193,26
DA:194,26
DA:195,26
DA:196,26
DA:197,26
DA:198,26
DA:199,26
DA:200,26
DA:201,26
DA:202,26
DA:203,26
DA:204,26
DA:205,26
DA:206,26
DA:207,26
DA:209,1
DA:210,1
DA:211,1
DA:214,26
DA:215,26
DA:221,1
DA:225,0
DA:229,0
DA:233,9
DA:235,9
DA:236,0
DA:239,9
DA:240,9
DA:242,9
DA:243,0
DA:246,9
DA:247,144
DA:249,144
DA:250,125
DA:253,19
DA:254,19
DA:255,19
DA:257,19
DA:258,0
DA:262,9
DA:266,3
DA:268,3
DA:269,0
DA:272,3
DA:273,3
DA:275,3
DA:276,0
DA:279,3
DA:280,48
DA:282,48
DA:283,38
DA:286,10
DA:287,10
DA:288,10
DA:290,10
DA:291,0
DA:295,3
DA:299,3
DA:301,3
DA:302,0
DA:305,3
DA:307,3
DA:311,3
DA:313,3
DA:314,0
DA:317,3
DA:318,3
DA:320,3
DA:321,3
DA:323,3
DA:325,3
DA:329,3
DA:331,3
DA:332,0
DA:335,3
DA:339,3
DA:341,3
DA:342,0
DA:345,3
DA:346,3
DA:348,3
DA:349,0
DA:352,3
DA:353,48
DA:355,48
DA:356,38
DA:359,10
DA:360,10
DA:362,10
DA:365,3
DA:369,1
DA:371,1
DA:372,0
DA:375,1
DA:377,1
DA:378,16
DA:379,16
DA:380,16
DA:383,1
DA:387,23
DA:388,23
DA:390,23
DA:391,23
DA:395,54
DA:396,54
DA:397,54
DA:398,54
DA:401,54
DA:403,54
DA:406,54
DA:409,0
DA:412,23
DA:416,39
DA:418,39
DA:419,10
DA:420,10
DA:422,0
DA:425,29
DA:426,15
DA:428,14
DA:434,9
DA:447,3
DA:448,0
DA:449,3
DA:450,0
DA:451,3
DA:452,1
DA:454,2
DA:455,2
LF:136
LH:118
BRDA:215,0,0,23
BRDA:215,0,1,3
BRDA:215,1,0,26
BRDA:215,1,1,25
BRDA:232,2,0,9
BRDA:232,3,0,9
BRDA:235,4,0,0
BRDA:242,5,0,0
BRDA:249,6,0,125
BRDA:257,7,0,0
BRDA:262,8,0,0
BRDA:262,8,1,9
BRDA:262,9,0,9
BRDA:262,9,1,0
BRDA:265,10,0,3
BRDA:265,11,0,3
BRDA:268,12,0,0
BRDA:275,13,0,0
BRDA:282,14,0,38
BRDA:290,15,0,0
BRDA:295,16,0,0
BRDA:295,16,1,3
BRDA:301,17,0,0
BRDA:313,18,0,0
BRDA:331,19,0,0
BRDA:338,20,0,3
BRDA:341,21,0,0
BRDA:348,22,0,0
BRDA:355,23,0,38
BRDA:365,24,0,3
BRDA:365,24,1,0
BRDA:365,25,0,0
BRDA:365,25,1,3
BRDA:371,26,0,0
BRDA:390,27,0,23
BRDA:390,27,1,0
BRDA:396,28,0,54
BRDA:412,29,0,22
BRDA:412,29,1,1
BRDA:415,30,0,29
BRDA:418,31,0,10
BRDA:418,31,1,29
BRDA:419,32,0,10
BRDA:419,32,1,0
BRDA:425,33,0,15
BRDA:425,33,1,14
BRDA:447,34,0,0
BRDA:447,34,1,3
BRDA:449,35,0,0
BRDA:449,35,1,3
BRDA:451,36,0,1
BRDA:451,36,1,2
BRF:52
BRH:31
end_of_record
TN:
SF:packages/utilities/duration/src/index.ts
FNF:0
FNH:0
DA:1,1
DA:2,1
LF:2
LH:2
BRF:0
BRH:0
end_of_record
